<?xml version="1.0" encoding="UTF-8"?>
<!-- Generated by org.testng.reporters.JUnitReportReporter -->
<testsuite ignored="1" hostname="Minhazuls-MacBook-Air.local" failures="0" tests="1" name="test.HomePageTest" time="1.140" errors="0" timestamp="25 Aug 2022 19:11:41 GMT" skipped="0">
  <testcase classname="test.HomePageTest" name="homepagetest" time="1.140"/>
  <testcase classname="test.BaseTest" name="setup">
    <skipped/>
  </testcase> <!-- setup -->
</testsuite> <!-- test.HomePageTest -->
